<?xml version="1.0" encoding="UTF-8"?>
<coverage generated="1776743833558" clover="3.2.0">
  <project timestamp="1776743833558" name="All files">
    <metrics statements="136" coveredstatements="129" conditionals="65" coveredconditionals="54" methods="40" coveredmethods="36" elements="241" coveredelements="219" complexity="0" loc="136" ncloc="136" packages="4" files="10" classes="10"/>
    <package name="components.ui">
      <metrics statements="7" coveredstatements="7" conditionals="7" coveredconditionals="7" methods="2" coveredmethods="2"/>
      <file name="Button.tsx" path="C:\Users\21236\Desktop\健身web\src\components\ui\Button.tsx">
        <metrics statements="5" coveredstatements="5" conditionals="3" coveredconditionals="3" methods="1" coveredmethods="1"/>
        <line num="9" count="1" type="stmt"/>
        <line num="16" count="11" type="stmt"/>
        <line num="18" count="11" type="stmt"/>
        <line num="24" count="11" type="stmt"/>
        <line num="30" count="11" type="stmt"/>
      </file>
      <file name="Card.tsx" path="C:\Users\21236\Desktop\健身web\src\components\ui\Card.tsx">
        <metrics statements="2" coveredstatements="2" conditionals="4" coveredconditionals="4" methods="1" coveredmethods="1"/>
        <line num="10" count="1" type="stmt"/>
        <line num="16" count="6" type="stmt"/>
      </file>
    </package>
    <package name="data">
      <metrics statements="32" coveredstatements="32" conditionals="10" coveredconditionals="8" methods="10" coveredmethods="10"/>
      <file name="workoutPlans.ts" path="C:\Users\21236\Desktop\健身web\src\data\workoutPlans.ts">
        <metrics statements="32" coveredstatements="32" conditionals="10" coveredconditionals="8" methods="10" coveredmethods="10"/>
        <line num="4" count="2" type="stmt"/>
        <line num="11" count="2" type="stmt"/>
        <line num="14" count="2" type="stmt"/>
        <line num="17" count="2" type="stmt"/>
        <line num="20" count="2" type="stmt"/>
        <line num="27" count="2" type="stmt"/>
        <line num="51" count="2" type="stmt"/>
        <line num="52" count="21" type="stmt"/>
        <line num="54" count="21" type="cond" truecount="1" falsecount="1"/>
        <line num="55" count="21" type="cond" truecount="1" falsecount="1"/>
        <line num="57" count="72" type="stmt"/>
        <line num="64" count="21" type="stmt"/>
        <line num="75" count="2" type="stmt"/>
        <line num="79" count="4" type="cond" truecount="2" falsecount="0"/>
        <line num="80" count="1" type="stmt"/>
        <line num="83" count="3" type="stmt"/>
        <line num="85" count="3" type="stmt"/>
        <line num="86" count="9" type="stmt"/>
        <line num="90" count="3" type="cond" truecount="2" falsecount="0"/>
        <line num="91" count="1" type="stmt"/>
        <line num="95" count="2" type="cond" truecount="2" falsecount="0"/>
        <line num="96" count="1" type="stmt"/>
        <line num="99" count="1" type="stmt"/>
        <line num="102" count="2" type="stmt"/>
        <line num="103" count="1" type="stmt"/>
        <line num="105" count="3" type="stmt"/>
        <line num="107" count="12" type="stmt"/>
        <line num="117" count="2" type="stmt"/>
        <line num="118" count="1" type="stmt"/>
        <line num="120" count="3" type="stmt"/>
        <line num="122" count="12" type="stmt"/>
        <line num="134" count="2" type="stmt"/>
      </file>
    </package>
    <package name="data.equipment">
      <metrics statements="4" coveredstatements="4" conditionals="0" coveredconditionals="0" methods="0" coveredmethods="0"/>
      <file name="cardio.ts" path="C:\Users\21236\Desktop\健身web\src\data\equipment\cardio.ts">
        <metrics statements="1" coveredstatements="1" conditionals="0" coveredconditionals="0" methods="0" coveredmethods="0"/>
        <line num="3" count="2" type="stmt"/>
      </file>
      <file name="flexibility.ts" path="C:\Users\21236\Desktop\健身web\src\data\equipment\flexibility.ts">
        <metrics statements="1" coveredstatements="1" conditionals="0" coveredconditionals="0" methods="0" coveredmethods="0"/>
        <line num="3" count="2" type="stmt"/>
      </file>
      <file name="index.ts" path="C:\Users\21236\Desktop\健身web\src\data\equipment\index.ts">
        <metrics statements="1" coveredstatements="1" conditionals="0" coveredconditionals="0" methods="0" coveredmethods="0"/>
        <line num="12" count="2" type="stmt"/>
      </file>
      <file name="strength.ts" path="C:\Users\21236\Desktop\健身web\src\data\equipment\strength.ts">
        <metrics statements="1" coveredstatements="1" conditionals="0" coveredconditionals="0" methods="0" coveredmethods="0"/>
        <line num="3" count="2" type="stmt"/>
      </file>
    </package>
    <package name="utils">
      <metrics statements="93" coveredstatements="86" conditionals="48" coveredconditionals="39" methods="28" coveredmethods="24"/>
      <file name="calorieEstimation.ts" path="C:\Users\21236\Desktop\健身web\src\utils\calorieEstimation.ts">
        <metrics statements="19" coveredstatements="18" conditionals="10" coveredconditionals="8" methods="8" coveredmethods="8"/>
        <line num="6" count="1" type="stmt"/>
        <line num="49" count="10" type="cond" truecount="1" falsecount="1"/>
        <line num="50" count="10" type="stmt"/>
        <line num="51" count="10" type="stmt"/>
        <line num="61" count="2" type="stmt"/>
        <line num="62" count="2" type="stmt"/>
        <line num="70" count="2" type="cond" truecount="2" falsecount="0"/>
        <line num="80" count="2" type="stmt"/>
        <line num="81" count="2" type="stmt"/>
        <line num="91" count="3" type="cond" truecount="3" falsecount="1"/>
        <line num="93" count="1" type="stmt"/>
        <line num="95" count="1" type="stmt"/>
        <line num="97" count="1" type="stmt"/>
        <line num="99" count="0" type="stmt"/>
        <line num="110" count="2" type="stmt"/>
        <line num="112" count="2" type="stmt"/>
        <line num="113" count="3" type="stmt"/>
        <line num="114" count="3" type="cond" truecount="2" falsecount="0"/>
        <line num="117" count="2" type="stmt"/>
      </file>
      <file name="password.ts" path="C:\Users\21236\Desktop\健身web\src\utils\password.ts">
        <metrics statements="3" coveredstatements="3" conditionals="0" coveredconditionals="0" methods="2" coveredmethods="2"/>
        <line num="3" count="1" type="stmt"/>
        <line num="6" count="5" type="stmt"/>
        <line num="10" count="2" type="stmt"/>
      </file>
      <file name="recommendations.ts" path="C:\Users\21236\Desktop\健身web\src\utils\recommendations.ts">
        <metrics statements="71" coveredstatements="65" conditionals="38" coveredconditionals="31" methods="18" coveredmethods="14"/>
        <line num="5" count="2" type="stmt"/>
        <line num="11" count="2" type="stmt"/>
        <line num="18" count="2" type="stmt"/>
        <line num="21" count="2" type="stmt"/>
        <line num="28" count="2" type="stmt"/>
        <line num="34" count="2" type="stmt"/>
        <line num="35" count="116" type="stmt"/>
        <line num="36" count="116" type="stmt"/>
        <line num="39" count="2" type="stmt"/>
        <line num="40" count="17" type="cond" truecount="2" falsecount="0"/>
        <line num="41" count="14" type="cond" truecount="2" falsecount="0"/>
        <line num="42" count="9" type="cond" truecount="2" falsecount="0"/>
        <line num="43" count="4" type="stmt"/>
        <line num="53" count="2" type="stmt"/>
        <line num="58" count="97" type="stmt"/>
        <line num="59" count="97" type="stmt"/>
        <line num="62" count="97" type="stmt"/>
        <line num="63" count="97" type="cond" truecount="2" falsecount="0"/>
        <line num="64" count="77" type="stmt"/>
        <line num="65" count="77" type="stmt"/>
        <line num="69" count="97" type="stmt"/>
        <line num="70" count="97" type="cond" truecount="2" falsecount="2"/>
        <line num="71" count="0" type="stmt"/>
        <line num="72" count="0" type="stmt"/>
        <line num="73" count="97" type="cond" truecount="2" falsecount="2"/>
        <line num="74" count="0" type="stmt"/>
        <line num="75" count="0" type="stmt"/>
        <line num="76" count="97" type="cond" truecount="3" falsecount="1"/>
        <line num="78" count="97" type="stmt"/>
        <line num="82" count="97" type="cond" truecount="1" falsecount="1"/>
        <line num="83" count="97" type="stmt"/>
        <line num="84" count="97" type="cond" truecount="2" falsecount="0"/>
        <line num="85" count="89" type="stmt"/>
        <line num="86" count="89" type="stmt"/>
        <line num="90" count="97" type="stmt"/>
        <line num="91" count="97" type="stmt"/>
        <line num="92" count="97" type="stmt"/>
        <line num="95" count="97" type="stmt"/>
        <line num="96" count="97" type="stmt"/>
        <line num="97" count="2" type="stmt"/>
        <line num="99" count="97" type="cond" truecount="2" falsecount="0"/>
        <line num="100" count="96" type="stmt"/>
        <line num="101" count="96" type="stmt"/>
        <line num="104" count="97" type="stmt"/>
        <line num="107" count="2" type="stmt"/>
        <line num="111" count="4" type="stmt"/>
        <line num="112" count="92" type="stmt"/>
        <line num="115" count="4" type="stmt"/>
        <line num="116" count="92" type="stmt"/>
        <line num="117" count="288" type="stmt"/>
        <line num="121" count="2" type="stmt"/>
        <line num="122" count="12" type="stmt"/>
        <line num="123" count="12" type="stmt"/>
        <line num="125" count="12" type="stmt"/>
        <line num="126" count="276" type="cond" truecount="2" falsecount="0"/>
        <line num="127" count="46" type="stmt"/>
        <line num="129" count="230" type="cond" truecount="2" falsecount="0"/>
        <line num="130" count="184" type="stmt"/>
        <line num="132" count="46" type="stmt"/>
        <line num="135" count="12" type="cond" truecount="2" falsecount="0"/>
        <line num="136" count="54" type="stmt"/>
        <line num="137" count="8" type="cond" truecount="2" falsecount="0"/>
        <line num="138" count="54" type="stmt"/>
        <line num="141" count="12" type="cond" truecount="1" falsecount="1"/>
        <line num="142" count="146" type="stmt"/>
        <line num="144" count="12" type="stmt"/>
        <line num="147" count="2" type="stmt"/>
        <line num="148" count="0" type="stmt"/>
        <line num="151" count="2" type="stmt"/>
        <line num="152" count="0" type="stmt"/>
        <line num="155" count="2" type="stmt"/>
      </file>
    </package>
  </project>
</coverage>
