{"C:\\Users\\21236\\Desktop\\健身web\\src\\components\\ui\\Button.tsx": {"path":"C:\\Users\\21236\\Desktop\\健身web\\src\\components\\ui\\Button.tsx","statementMap":{"0":{"start":{"line":9,"column":6},"end":{"line":36,"column":null}},"1":{"start":{"line":16,"column":21},"end":{"line":16,"column":null}},"2":{"start":{"line":18,"column":24},"end":{"line":22,"column":null}},"3":{"start":{"line":24,"column":21},"end":{"line":28,"column":null}},"4":{"start":{"line":30,"column":2},"end":{"line":36,"column":null}}},"fnMap":{"0":{"name":"(anonymous_0)","decl":{"start":{"line":9,"column":6},"end":{"line":9,"column":39}},"loc":{"start":{"line":15,"column":6},"end":{"line":36,"column":null}},"line":15}},"branchMap":{"0":{"loc":{"start":{"line":10,"column":2},"end":{"line":10,"column":null}},"type":"default-arg","locations":[{"start":{"line":10,"column":12},"end":{"line":10,"column":null}}],"line":10},"1":{"loc":{"start":{"line":11,"column":2},"end":{"line":11,"column":null}},"type":"default-arg","locations":[{"start":{"line":11,"column":9},"end":{"line":11,"column":null}}],"line":11},"2":{"loc":{"start":{"line":13,"column":2},"end":{"line":13,"column":null}},"type":"default-arg","locations":[{"start":{"line":13,"column":14},"end":{"line":13,"column":null}}],"line":13}},"s":{"0":1,"1":11,"2":11,"3":11,"4":11},"f":{"0":11},"b":{"0":[11],"1":[11],"2":[11]},"meta":{"lastBranch":3,"lastFunction":1,"lastStatement":5,"seen":{"s:9:6:36:Infinity":0,"f:9:6:9:39":0,"b:10:12:10:Infinity":0,"b:11:9:11:Infinity":1,"b:13:14:13:Infinity":2,"s:16:21:16:Infinity":1,"s:18:24:22:Infinity":2,"s:24:21:28:Infinity":3,"s:30:2:36:Infinity":4}}}
,"C:\\Users\\21236\\Desktop\\健身web\\src\\components\\ui\\Card.tsx": {"path":"C:\\Users\\21236\\Desktop\\健身web\\src\\components\\ui\\Card.tsx","statementMap":{"0":{"start":{"line":10,"column":6},"end":{"line":26,"column":null}},"1":{"start":{"line":16,"column":2},"end":{"line":26,"column":null}}},"fnMap":{"0":{"name":"(anonymous_0)","decl":{"start":{"line":10,"column":6},"end":{"line":10,"column":35}},"loc":{"start":{"line":15,"column":6},"end":{"line":26,"column":null}},"line":15}},"branchMap":{"0":{"loc":{"start":{"line":12,"column":2},"end":{"line":12,"column":null}},"type":"default-arg","locations":[{"start":{"line":12,"column":14},"end":{"line":12,"column":null}}],"line":12},"1":{"loc":{"start":{"line":14,"column":2},"end":{"line":14,"column":null}},"type":"default-arg","locations":[{"start":{"line":14,"column":14},"end":{"line":14,"column":null}}],"line":14},"2":{"loc":{"start":{"line":21,"column":10},"end":{"line":21,"column":null}},"type":"cond-expr","locations":[{"start":{"line":21,"column":22},"end":{"line":21,"column":106}},{"start":{"line":21,"column":106},"end":{"line":21,"column":null}}],"line":21}},"s":{"0":1,"1":6},"f":{"0":6},"b":{"0":[6],"1":[6],"2":[1,5]},"meta":{"lastBranch":3,"lastFunction":1,"lastStatement":2,"seen":{"s:10:6:26:Infinity":0,"f:10:6:10:35":0,"b:12:14:12:Infinity":0,"b:14:14:14:Infinity":1,"s:16:2:26:Infinity":1,"b:21:22:21:106:21:106:21:Infinity":2}}}
,"C:\\Users\\21236\\Desktop\\健身web\\src\\data\\workoutPlans.ts": {"path":"C:\\Users\\21236\\Desktop\\健身web\\src\\data\\workoutPlans.ts","statementMap":{"0":{"start":{"line":4,"column":34},"end":{"line":8,"column":null}},"1":{"start":{"line":11,"column":32},"end":{"line":11,"column":null}},"2":{"start":{"line":14,"column":22},"end":{"line":14,"column":null}},"3":{"start":{"line":17,"column":18},"end":{"line":17,"column":null}},"4":{"start":{"line":20,"column":26},"end":{"line":24,"column":null}},"5":{"start":{"line":27,"column":52},"end":{"line":49,"column":null}},"6":{"start":{"line":51,"column":6},"end":{"line":71,"column":null}},"7":{"start":{"line":52,"column":31},"end":{"line":52,"column":null}},"8":{"start":{"line":54,"column":27},"end":{"line":54,"column":null}},"9":{"start":{"line":55,"column":20},"end":{"line":55,"column":null}},"10":{"start":{"line":57,"column":15},"end":{"line":62,"column":5}},"11":{"start":{"line":57,"column":60},"end":{"line":62,"column":5}},"12":{"start":{"line":64,"column":2},"end":{"line":71,"column":null}},"13":{"start":{"line":75,"column":13},"end":{"line":99,"column":null}},"14":{"start":{"line":79,"column":2},"end":{"line":80,"column":null}},"15":{"start":{"line":80,"column":4},"end":{"line":80,"column":null}},"16":{"start":{"line":83,"column":25},"end":{"line":83,"column":50}},"17":{"start":{"line":85,"column":24},"end":{"line":87,"column":null}},"18":{"start":{"line":86,"column":4},"end":{"line":86,"column":null}},"19":{"start":{"line":90,"column":2},"end":{"line":91,"column":null}},"20":{"start":{"line":91,"column":4},"end":{"line":91,"column":null}},"21":{"start":{"line":95,"column":2},"end":{"line":96,"column":null}},"22":{"start":{"line":96,"column":4},"end":{"line":96,"column":null}},"23":{"start":{"line":99,"column":2},"end":{"line":99,"column":null}},"24":{"start":{"line":102,"column":6},"end":{"line":114,"column":null}},"25":{"start":{"line":103,"column":2},"end":{"line":114,"column":null}},"26":{"start":{"line":105,"column":32},"end":{"line":113,"column":null}},"27":{"start":{"line":107,"column":42},"end":{"line":112,"column":null}},"28":{"start":{"line":117,"column":6},"end":{"line":129,"column":null}},"29":{"start":{"line":118,"column":2},"end":{"line":129,"column":null}},"30":{"start":{"line":120,"column":32},"end":{"line":128,"column":null}},"31":{"start":{"line":122,"column":42},"end":{"line":127,"column":null}},"32":{"start":{"line":134,"column":28},"end":{"line":137,"column":null}}},"fnMap":{"0":{"name":"(anonymous_0)","decl":{"start":{"line":51,"column":6},"end":{"line":51,"column":28}},"loc":{"start":{"line":51,"column":63},"end":{"line":71,"column":null}},"line":51},"1":{"name":"(anonymous_1)","decl":{"start":{"line":57,"column":47},"end":{"line":57,"column":50}},"loc":{"start":{"line":57,"column":60},"end":{"line":62,"column":5}},"line":57},"2":{"name":"(anonymous_2)","decl":{"start":{"line":75,"column":13},"end":{"line":75,"column":null}},"loc":{"start":{"line":78,"column":17},"end":{"line":99,"column":null}},"line":78},"3":{"name":"(anonymous_3)","decl":{"start":{"line":85,"column":39},"end":{"line":85,"column":47}},"loc":{"start":{"line":85,"column":58},"end":{"line":87,"column":7}},"line":85},"4":{"name":"(anonymous_4)","decl":{"start":{"line":102,"column":6},"end":{"line":102,"column":27}},"loc":{"start":{"line":102,"column":60},"end":{"line":114,"column":null}},"line":102},"5":{"name":"(anonymous_5)","decl":{"start":{"line":105,"column":20},"end":{"line":105,"column":24}},"loc":{"start":{"line":105,"column":32},"end":{"line":113,"column":null}},"line":105},"6":{"name":"(anonymous_6)","decl":{"start":{"line":107,"column":31},"end":{"line":107,"column":35}},"loc":{"start":{"line":107,"column":42},"end":{"line":112,"column":null}},"line":107},"7":{"name":"(anonymous_7)","decl":{"start":{"line":117,"column":6},"end":{"line":117,"column":27}},"loc":{"start":{"line":117,"column":60},"end":{"line":129,"column":null}},"line":117},"8":{"name":"(anonymous_8)","decl":{"start":{"line":120,"column":20},"end":{"line":120,"column":24}},"loc":{"start":{"line":120,"column":32},"end":{"line":128,"column":null}},"line":120},"9":{"name":"(anonymous_9)","decl":{"start":{"line":122,"column":31},"end":{"line":122,"column":35}},"loc":{"start":{"line":122,"column":42},"end":{"line":127,"column":null}},"line":122}},"branchMap":{"0":{"loc":{"start":{"line":54,"column":27},"end":{"line":54,"column":null}},"type":"binary-expr","locations":[{"start":{"line":54,"column":27},"end":{"line":54,"column":52}},{"start":{"line":54,"column":52},"end":{"line":54,"column":null}}],"line":54},"1":{"loc":{"start":{"line":55,"column":20},"end":{"line":55,"column":null}},"type":"binary-expr","locations":[{"start":{"line":55,"column":20},"end":{"line":55,"column":54}},{"start":{"line":55,"column":54},"end":{"line":55,"column":null}}],"line":55},"2":{"loc":{"start":{"line":79,"column":2},"end":{"line":80,"column":null}},"type":"if","locations":[{"start":{"line":79,"column":2},"end":{"line":80,"column":null}},{"start":{},"end":{}}],"line":79},"3":{"loc":{"start":{"line":90,"column":2},"end":{"line":91,"column":null}},"type":"if","locations":[{"start":{"line":90,"column":2},"end":{"line":91,"column":null}},{"start":{},"end":{}}],"line":90},"4":{"loc":{"start":{"line":95,"column":2},"end":{"line":96,"column":null}},"type":"if","locations":[{"start":{"line":95,"column":2},"end":{"line":96,"column":null}},{"start":{},"end":{}}],"line":95}},"s":{"0":2,"1":2,"2":2,"3":2,"4":2,"5":2,"6":2,"7":21,"8":21,"9":21,"10":21,"11":72,"12":21,"13":2,"14":4,"15":1,"16":3,"17":3,"18":9,"19":3,"20":1,"21":2,"22":1,"23":1,"24":2,"25":1,"26":3,"27":12,"28":2,"29":1,"30":3,"31":12,"32":2},"f":{"0":21,"1":72,"2":4,"3":9,"4":1,"5":3,"6":12,"7":1,"8":3,"9":12},"b":{"0":[21,0],"1":[21,0],"2":[1,3],"3":[1,2],"4":[1,1]},"meta":{"lastBranch":5,"lastFunction":10,"lastStatement":33,"seen":{"s:4:34:8:Infinity":0,"s:11:32:11:Infinity":1,"s:14:22:14:Infinity":2,"s:17:18:17:Infinity":3,"s:20:26:24:Infinity":4,"s:27:52:49:Infinity":5,"s:51:6:71:Infinity":6,"f:51:6:51:28":0,"s:52:31:52:Infinity":7,"s:54:27:54:Infinity":8,"b:54:27:54:52:54:52:54:Infinity":0,"s:55:20:55:Infinity":9,"b:55:20:55:54:55:54:55:Infinity":1,"s:57:15:62:5":10,"f:57:47:57:50":1,"s:57:60:62:5":11,"s:64:2:71:Infinity":12,"s:75:13:99:Infinity":13,"f:75:13:75:Infinity":2,"b:79:2:80:Infinity:undefined:undefined:undefined:undefined":2,"s:79:2:80:Infinity":14,"s:80:4:80:Infinity":15,"s:83:25:83:50":16,"s:85:24:87:Infinity":17,"f:85:39:85:47":3,"s:86:4:86:Infinity":18,"b:90:2:91:Infinity:undefined:undefined:undefined:undefined":3,"s:90:2:91:Infinity":19,"s:91:4:91:Infinity":20,"b:95:2:96:Infinity:undefined:undefined:undefined:undefined":4,"s:95:2:96:Infinity":21,"s:96:4:96:Infinity":22,"s:99:2:99:Infinity":23,"s:102:6:114:Infinity":24,"f:102:6:102:27":4,"s:103:2:114:Infinity":25,"f:105:20:105:24":5,"s:105:32:113:Infinity":26,"f:107:31:107:35":6,"s:107:42:112:Infinity":27,"s:117:6:129:Infinity":28,"f:117:6:117:27":7,"s:118:2:129:Infinity":29,"f:120:20:120:24":8,"s:120:32:128:Infinity":30,"f:122:31:122:35":9,"s:122:42:127:Infinity":31,"s:134:28:137:Infinity":32}}}
,"C:\\Users\\21236\\Desktop\\健身web\\src\\data\\equipment\\cardio.ts": {"path":"C:\\Users\\21236\\Desktop\\健身web\\src\\data\\equipment\\cardio.ts","statementMap":{"0":{"start":{"line":3,"column":44},"end":{"line":105,"column":null}}},"fnMap":{},"branchMap":{},"s":{"0":2},"f":{},"b":{},"meta":{"lastBranch":0,"lastFunction":0,"lastStatement":1,"seen":{"s:3:44:105:Infinity":0}}}
,"C:\\Users\\21236\\Desktop\\健身web\\src\\data\\equipment\\flexibility.ts": {"path":"C:\\Users\\21236\\Desktop\\健身web\\src\\data\\equipment\\flexibility.ts","statementMap":{"0":{"start":{"line":3,"column":49},"end":{"line":79,"column":null}}},"fnMap":{},"branchMap":{},"s":{"0":2},"f":{},"b":{},"meta":{"lastBranch":0,"lastFunction":0,"lastStatement":1,"seen":{"s:3:49:79:Infinity":0}}}
,"C:\\Users\\21236\\Desktop\\健身web\\src\\data\\equipment\\index.ts": {"path":"C:\\Users\\21236\\Desktop\\健身web\\src\\data\\equipment\\index.ts","statementMap":{"0":{"start":{"line":12,"column":46},"end":{"line":16,"column":null}}},"fnMap":{},"branchMap":{},"s":{"0":2},"f":{},"b":{},"meta":{"lastBranch":0,"lastFunction":0,"lastStatement":1,"seen":{"s:12:46:16:Infinity":0}}}
,"C:\\Users\\21236\\Desktop\\健身web\\src\\data\\equipment\\strength.ts": {"path":"C:\\Users\\21236\\Desktop\\健身web\\src\\data\\equipment\\strength.ts","statementMap":{"0":{"start":{"line":3,"column":46},"end":{"line":366,"column":null}}},"fnMap":{},"branchMap":{},"s":{"0":2},"f":{},"b":{},"meta":{"lastBranch":0,"lastFunction":0,"lastStatement":1,"seen":{"s:3:46:366:Infinity":0}}}
,"C:\\Users\\21236\\Desktop\\健身web\\src\\utils\\calorieEstimation.ts": {"path":"C:\\Users\\21236\\Desktop\\健身web\\src\\utils\\calorieEstimation.ts","statementMap":{"0":{"start":{"line":6,"column":43},"end":{"line":38,"column":null}},"1":{"start":{"line":49,"column":14},"end":{"line":49,"column":null}},"2":{"start":{"line":50,"column":24},"end":{"line":50,"column":null}},"3":{"start":{"line":51,"column":2},"end":{"line":51,"column":null}},"4":{"start":{"line":61,"column":2},"end":{"line":63,"column":null}},"5":{"start":{"line":62,"column":4},"end":{"line":62,"column":null}},"6":{"start":{"line":70,"column":2},"end":{"line":70,"column":null}},"7":{"start":{"line":80,"column":26},"end":{"line":80,"column":null}},"8":{"start":{"line":81,"column":2},"end":{"line":81,"column":null}},"9":{"start":{"line":91,"column":2},"end":{"line":99,"column":null}},"10":{"start":{"line":93,"column":6},"end":{"line":93,"column":null}},"11":{"start":{"line":95,"column":6},"end":{"line":95,"column":null}},"12":{"start":{"line":97,"column":6},"end":{"line":97,"column":null}},"13":{"start":{"line":99,"column":6},"end":{"line":99,"column":null}},"14":{"start":{"line":110,"column":41},"end":{"line":110,"column":43}},"15":{"start":{"line":112,"column":2},"end":{"line":115,"column":null}},"16":{"start":{"line":113,"column":21},"end":{"line":113,"column":81}},"17":{"start":{"line":114,"column":4},"end":{"line":114,"column":null}},"18":{"start":{"line":117,"column":2},"end":{"line":117,"column":null}}},"fnMap":{"0":{"name":"estimateCalories","decl":{"start":{"line":44,"column":16},"end":{"line":44,"column":null}},"loc":{"start":{"line":48,"column":10},"end":{"line":51,"column":null}},"line":48},"1":{"name":"estimateWorkoutCalories","decl":{"start":{"line":57,"column":16},"end":{"line":57,"column":null}},"loc":{"start":{"line":60,"column":10},"end":{"line":63,"column":null}},"line":60},"2":{"name":"(anonymous_2)","decl":{"start":{"line":61,"column":19},"end":{"line":61,"column":27}},"loc":{"start":{"line":61,"column":41},"end":{"line":63,"column":7}},"line":61},"3":{"name":"getMETValue","decl":{"start":{"line":69,"column":16},"end":{"line":69,"column":28}},"loc":{"start":{"line":69,"column":57},"end":{"line":70,"column":null}},"line":69},"4":{"name":"estimateWorkoutDuration","decl":{"start":{"line":76,"column":16},"end":{"line":76,"column":null}},"loc":{"start":{"line":78,"column":10},"end":{"line":81,"column":null}},"line":78},"5":{"name":"adjustDurationForGoal","decl":{"start":{"line":87,"column":16},"end":{"line":87,"column":null}},"loc":{"start":{"line":90,"column":10},"end":{"line":99,"column":null}},"line":90},"6":{"name":"getCaloriesPerMuscleGroup","decl":{"start":{"line":106,"column":16},"end":{"line":106,"column":null}},"loc":{"start":{"line":109,"column":26},"end":{"line":117,"column":null}},"line":109},"7":{"name":"(anonymous_7)","decl":{"start":{"line":112,"column":12},"end":{"line":112,"column":20}},"loc":{"start":{"line":112,"column":26},"end":{"line":115,"column":null}},"line":112}},"branchMap":{"0":{"loc":{"start":{"line":49,"column":14},"end":{"line":49,"column":null}},"type":"binary-expr","locations":[{"start":{"line":49,"column":14},"end":{"line":49,"column":41}},{"start":{"line":49,"column":41},"end":{"line":49,"column":null}}],"line":49},"1":{"loc":{"start":{"line":70,"column":9},"end":{"line":70,"column":null}},"type":"binary-expr","locations":[{"start":{"line":70,"column":9},"end":{"line":70,"column":36}},{"start":{"line":70,"column":36},"end":{"line":70,"column":null}}],"line":70},"2":{"loc":{"start":{"line":91,"column":2},"end":{"line":99,"column":null}},"type":"switch","locations":[{"start":{"line":92,"column":4},"end":{"line":93,"column":null}},{"start":{"line":94,"column":4},"end":{"line":95,"column":null}},{"start":{"line":96,"column":4},"end":{"line":97,"column":null}},{"start":{"line":98,"column":4},"end":{"line":99,"column":null}}],"line":91},"3":{"loc":{"start":{"line":114,"column":31},"end":{"line":114,"column":63}},"type":"binary-expr","locations":[{"start":{"line":114,"column":31},"end":{"line":114,"column":58}},{"start":{"line":114,"column":58},"end":{"line":114,"column":63}}],"line":114}},"s":{"0":1,"1":10,"2":10,"3":10,"4":2,"5":2,"6":2,"7":2,"8":2,"9":3,"10":1,"11":1,"12":1,"13":0,"14":2,"15":2,"16":3,"17":3,"18":2},"f":{"0":10,"1":2,"2":2,"3":2,"4":2,"5":3,"6":2,"7":3},"b":{"0":[10,0],"1":[2,1],"2":[1,1,1,0],"3":[3,2]},"meta":{"lastBranch":4,"lastFunction":8,"lastStatement":19,"seen":{"s:6:43:38:Infinity":0,"f:44:16:44:Infinity":0,"s:49:14:49:Infinity":1,"b:49:14:49:41:49:41:49:Infinity":0,"s:50:24:50:Infinity":2,"s:51:2:51:Infinity":3,"f:57:16:57:Infinity":1,"s:61:2:63:Infinity":4,"f:61:19:61:27":2,"s:62:4:62:Infinity":5,"f:69:16:69:28":3,"s:70:2:70:Infinity":6,"b:70:9:70:36:70:36:70:Infinity":1,"f:76:16:76:Infinity":4,"s:80:26:80:Infinity":7,"s:81:2:81:Infinity":8,"f:87:16:87:Infinity":5,"b:92:4:93:Infinity:94:4:95:Infinity:96:4:97:Infinity:98:4:99:Infinity":2,"s:91:2:99:Infinity":9,"s:93:6:93:Infinity":10,"s:95:6:95:Infinity":11,"s:97:6:97:Infinity":12,"s:99:6:99:Infinity":13,"f:106:16:106:Infinity":6,"s:110:41:110:43":14,"s:112:2:115:Infinity":15,"f:112:12:112:20":7,"s:113:21:113:81":16,"s:114:4:114:Infinity":17,"b:114:31:114:58:114:58:114:63":3,"s:117:2:117:Infinity":18}}}
,"C:\\Users\\21236\\Desktop\\健身web\\src\\utils\\password.ts": {"path":"C:\\Users\\21236\\Desktop\\健身web\\src\\utils\\password.ts","statementMap":{"0":{"start":{"line":3,"column":20},"end":{"line":3,"column":null}},"1":{"start":{"line":6,"column":2},"end":{"line":6,"column":null}},"2":{"start":{"line":10,"column":2},"end":{"line":10,"column":null}}},"fnMap":{"0":{"name":"hashPassword","decl":{"start":{"line":5,"column":22},"end":{"line":5,"column":35}},"loc":{"start":{"line":5,"column":70},"end":{"line":6,"column":null}},"line":5},"1":{"name":"comparePassword","decl":{"start":{"line":9,"column":22},"end":{"line":9,"column":38}},"loc":{"start":{"line":9,"column":98},"end":{"line":10,"column":null}},"line":9}},"branchMap":{},"s":{"0":1,"1":5,"2":2},"f":{"0":5,"1":2},"b":{},"meta":{"lastBranch":0,"lastFunction":2,"lastStatement":3,"seen":{"s:3:20:3:Infinity":0,"f:5:22:5:35":0,"s:6:2:6:Infinity":1,"f:9:22:9:38":1,"s:10:2:10:Infinity":2}}}
,"C:\\Users\\21236\\Desktop\\健身web\\src\\utils\\recommendations.ts": {"path":"C:\\Users\\21236\\Desktop\\健身web\\src\\utils\\recommendations.ts","statementMap":{"0":{"start":{"line":5,"column":30},"end":{"line":8,"column":null}},"1":{"start":{"line":11,"column":30},"end":{"line":15,"column":null}},"2":{"start":{"line":18,"column":45},"end":{"line":18,"column":null}},"3":{"start":{"line":21,"column":60},"end":{"line":25,"column":null}},"4":{"start":{"line":28,"column":51},"end":{"line":32,"column":null}},"5":{"start":{"line":34,"column":13},"end":{"line":36,"column":null}},"6":{"start":{"line":35,"column":25},"end":{"line":35,"column":null}},"7":{"start":{"line":36,"column":2},"end":{"line":36,"column":null}},"8":{"start":{"line":39,"column":13},"end":{"line":43,"column":null}},"9":{"start":{"line":40,"column":2},"end":{"line":40,"column":null}},"10":{"start":{"line":40,"column":40},"end":{"line":40,"column":null}},"11":{"start":{"line":41,"column":2},"end":{"line":41,"column":null}},"12":{"start":{"line":41,"column":35},"end":{"line":41,"column":null}},"13":{"start":{"line":42,"column":2},"end":{"line":42,"column":null}},"14":{"start":{"line":42,"column":39},"end":{"line":42,"column":null}},"15":{"start":{"line":43,"column":2},"end":{"line":43,"column":null}},"16":{"start":{"line":53,"column":13},"end":{"line":104,"column":null}},"17":{"start":{"line":58,"column":14},"end":{"line":58,"column":null}},"18":{"start":{"line":59,"column":28},"end":{"line":59,"column":30}},"19":{"start":{"line":62,"column":20},"end":{"line":62,"column":68}},"20":{"start":{"line":63,"column":2},"end":{"line":65,"column":null}},"21":{"start":{"line":64,"column":4},"end":{"line":64,"column":null}},"22":{"start":{"line":65,"column":4},"end":{"line":65,"column":null}},"23":{"start":{"line":69,"column":14},"end":{"line":69,"column":60}},"24":{"start":{"line":70,"column":2},"end":{"line":78,"column":null}},"25":{"start":{"line":71,"column":4},"end":{"line":71,"column":null}},"26":{"start":{"line":72,"column":4},"end":{"line":72,"column":null}},"27":{"start":{"line":73,"column":13},"end":{"line":78,"column":null}},"28":{"start":{"line":74,"column":4},"end":{"line":74,"column":null}},"29":{"start":{"line":75,"column":4},"end":{"line":75,"column":null}},"30":{"start":{"line":76,"column":13},"end":{"line":78,"column":null}},"31":{"start":{"line":78,"column":4},"end":{"line":78,"column":null}},"32":{"start":{"line":82,"column":30},"end":{"line":82,"column":null}},"33":{"start":{"line":83,"column":19},"end":{"line":83,"column":69}},"34":{"start":{"line":84,"column":2},"end":{"line":86,"column":null}},"35":{"start":{"line":85,"column":4},"end":{"line":85,"column":null}},"36":{"start":{"line":86,"column":4},"end":{"line":86,"column":null}},"37":{"start":{"line":90,"column":24},"end":{"line":90,"column":null}},"38":{"start":{"line":91,"column":25},"end":{"line":91,"column":56}},"39":{"start":{"line":92,"column":2},"end":{"line":92,"column":null}},"40":{"start":{"line":95,"column":21},"end":{"line":95,"column":46}},"41":{"start":{"line":96,"column":23},"end":{"line":97,"column":null}},"42":{"start":{"line":97,"column":4},"end":{"line":97,"column":60}},"43":{"start":{"line":97,"column":29},"end":{"line":97,"column":60}},"44":{"start":{"line":99,"column":2},"end":{"line":101,"column":null}},"45":{"start":{"line":100,"column":4},"end":{"line":100,"column":null}},"46":{"start":{"line":101,"column":4},"end":{"line":101,"column":null}},"47":{"start":{"line":104,"column":2},"end":{"line":104,"column":null}},"48":{"start":{"line":107,"column":13},"end":{"line":118,"column":null}},"49":{"start":{"line":111,"column":17},"end":{"line":112,"column":null}},"50":{"start":{"line":112,"column":4},"end":{"line":112,"column":63}},"51":{"start":{"line":115,"column":2},"end":{"line":118,"column":null}},"52":{"start":{"line":116,"column":17},"end":{"line":116,"column":30}},"53":{"start":{"line":117,"column":20},"end":{"line":117,"column":38}},"54":{"start":{"line":121,"column":13},"end":{"line":144,"column":null}},"55":{"start":{"line":122,"column":14},"end":{"line":122,"column":60}},"56":{"start":{"line":123,"column":31},"end":{"line":123,"column":null}},"57":{"start":{"line":125,"column":17},"end":{"line":133,"column":null}},"58":{"start":{"line":126,"column":4},"end":{"line":127,"column":null}},"59":{"start":{"line":127,"column":6},"end":{"line":127,"column":null}},"60":{"start":{"line":129,"column":4},"end":{"line":130,"column":null}},"61":{"start":{"line":130,"column":6},"end":{"line":130,"column":null}},"62":{"start":{"line":132,"column":4},"end":{"line":132,"column":null}},"63":{"start":{"line":135,"column":2},"end":{"line":138,"column":null}},"64":{"start":{"line":136,"column":4},"end":{"line":136,"column":null}},"65":{"start":{"line":136,"column":39},"end":{"line":136,"column":64}},"66":{"start":{"line":137,"column":13},"end":{"line":138,"column":null}},"67":{"start":{"line":138,"column":4},"end":{"line":138,"column":null}},"68":{"start":{"line":138,"column":39},"end":{"line":138,"column":66}},"69":{"start":{"line":141,"column":30},"end":{"line":141,"column":null}},"70":{"start":{"line":142,"column":2},"end":{"line":142,"column":null}},"71":{"start":{"line":142,"column":37},"end":{"line":142,"column":80}},"72":{"start":{"line":144,"column":2},"end":{"line":144,"column":null}},"73":{"start":{"line":147,"column":13},"end":{"line":148,"column":null}},"74":{"start":{"line":148,"column":2},"end":{"line":148,"column":null}},"75":{"start":{"line":148,"column":42},"end":{"line":148,"column":67}},"76":{"start":{"line":151,"column":13},"end":{"line":152,"column":null}},"77":{"start":{"line":152,"column":2},"end":{"line":152,"column":null}},"78":{"start":{"line":152,"column":40},"end":{"line":152,"column":53}},"79":{"start":{"line":155,"column":57},"end":{"line":167,"column":null}}},"fnMap":{"0":{"name":"(anonymous_0)","decl":{"start":{"line":34,"column":13},"end":{"line":34,"column":29}},"loc":{"start":{"line":34,"column":72},"end":{"line":36,"column":null}},"line":34},"1":{"name":"(anonymous_1)","decl":{"start":{"line":39,"column":13},"end":{"line":39,"column":31}},"loc":{"start":{"line":39,"column":55},"end":{"line":43,"column":null}},"line":39},"2":{"name":"(anonymous_2)","decl":{"start":{"line":53,"column":13},"end":{"line":53,"column":null}},"loc":{"start":{"line":57,"column":26},"end":{"line":104,"column":null}},"line":57},"3":{"name":"(anonymous_3)","decl":{"start":{"line":96,"column":34},"end":{"line":96,"column":39}},"loc":{"start":{"line":97,"column":4},"end":{"line":97,"column":60}},"line":97},"4":{"name":"(anonymous_4)","decl":{"start":{"line":97,"column":18},"end":{"line":97,"column":23}},"loc":{"start":{"line":97,"column":29},"end":{"line":97,"column":60}},"line":97},"5":{"name":"(anonymous_5)","decl":{"start":{"line":107,"column":13},"end":{"line":107,"column":null}},"loc":{"start":{"line":110,"column":28},"end":{"line":118,"column":null}},"line":110},"6":{"name":"(anonymous_6)","decl":{"start":{"line":111,"column":35},"end":{"line":111,"column":39}},"loc":{"start":{"line":112,"column":4},"end":{"line":112,"column":63}},"line":112},"7":{"name":"(anonymous_7)","decl":{"start":{"line":116,"column":5},"end":{"line":116,"column":12}},"loc":{"start":{"line":116,"column":17},"end":{"line":116,"column":30}},"line":116},"8":{"name":"(anonymous_8)","decl":{"start":{"line":117,"column":5},"end":{"line":117,"column":11}},"loc":{"start":{"line":117,"column":20},"end":{"line":117,"column":38}},"line":117},"9":{"name":"(anonymous_9)","decl":{"start":{"line":121,"column":13},"end":{"line":121,"column":35}},"loc":{"start":{"line":121,"column":71},"end":{"line":144,"column":null}},"line":121},"10":{"name":"(anonymous_10)","decl":{"start":{"line":125,"column":35},"end":{"line":125,"column":43}},"loc":{"start":{"line":125,"column":50},"end":{"line":133,"column":null}},"line":125},"11":{"name":"(anonymous_11)","decl":{"start":{"line":136,"column":24},"end":{"line":136,"column":32}},"loc":{"start":{"line":136,"column":39},"end":{"line":136,"column":64}},"line":136},"12":{"name":"(anonymous_12)","decl":{"start":{"line":138,"column":24},"end":{"line":138,"column":32}},"loc":{"start":{"line":138,"column":39},"end":{"line":138,"column":66}},"line":138},"13":{"name":"(anonymous_13)","decl":{"start":{"line":142,"column":22},"end":{"line":142,"column":30}},"loc":{"start":{"line":142,"column":37},"end":{"line":142,"column":80}},"line":142},"14":{"name":"(anonymous_14)","decl":{"start":{"line":147,"column":13},"end":{"line":147,"column":39}},"loc":{"start":{"line":147,"column":73},"end":{"line":148,"column":null}},"line":147},"15":{"name":"(anonymous_15)","decl":{"start":{"line":148,"column":27},"end":{"line":148,"column":35}},"loc":{"start":{"line":148,"column":42},"end":{"line":148,"column":67}},"line":148},"16":{"name":"(anonymous_16)","decl":{"start":{"line":151,"column":13},"end":{"line":151,"column":33}},"loc":{"start":{"line":151,"column":71},"end":{"line":152,"column":null}},"line":151},"17":{"name":"(anonymous_17)","decl":{"start":{"line":152,"column":27},"end":{"line":152,"column":33}},"loc":{"start":{"line":152,"column":40},"end":{"line":152,"column":53}},"line":152}},"branchMap":{"0":{"loc":{"start":{"line":40,"column":2},"end":{"line":40,"column":null}},"type":"if","locations":[{"start":{"line":40,"column":2},"end":{"line":40,"column":null}},{"start":{},"end":{}}],"line":40},"1":{"loc":{"start":{"line":41,"column":2},"end":{"line":41,"column":null}},"type":"if","locations":[{"start":{"line":41,"column":2},"end":{"line":41,"column":null}},{"start":{},"end":{}}],"line":41},"2":{"loc":{"start":{"line":42,"column":2},"end":{"line":42,"column":null}},"type":"if","locations":[{"start":{"line":42,"column":2},"end":{"line":42,"column":null}},{"start":{},"end":{}}],"line":42},"3":{"loc":{"start":{"line":56,"column":2},"end":{"line":56,"column":37}},"type":"default-arg","locations":[{"start":{"line":56,"column":35},"end":{"line":56,"column":37}}],"line":56},"4":{"loc":{"start":{"line":63,"column":2},"end":{"line":65,"column":null}},"type":"if","locations":[{"start":{"line":63,"column":2},"end":{"line":65,"column":null}},{"start":{},"end":{}}],"line":63},"5":{"loc":{"start":{"line":70,"column":2},"end":{"line":78,"column":null}},"type":"if","locations":[{"start":{"line":70,"column":2},"end":{"line":78,"column":null}},{"start":{"line":73,"column":13},"end":{"line":78,"column":null}}],"line":70},"6":{"loc":{"start":{"line":70,"column":6},"end":{"line":70,"column":51}},"type":"binary-expr","locations":[{"start":{"line":70,"column":6},"end":{"line":70,"column":18}},{"start":{"line":70,"column":18},"end":{"line":70,"column":51}}],"line":70},"7":{"loc":{"start":{"line":73,"column":13},"end":{"line":78,"column":null}},"type":"if","locations":[{"start":{"line":73,"column":13},"end":{"line":78,"column":null}},{"start":{"line":76,"column":13},"end":{"line":78,"column":null}}],"line":73},"8":{"loc":{"start":{"line":73,"column":13},"end":{"line":73,"column":60}},"type":"binary-expr","locations":[{"start":{"line":73,"column":13},"end":{"line":73,"column":25}},{"start":{"line":73,"column":25},"end":{"line":73,"column":60}}],"line":73},"9":{"loc":{"start":{"line":76,"column":13},"end":{"line":78,"column":null}},"type":"if","locations":[{"start":{"line":76,"column":13},"end":{"line":78,"column":null}},{"start":{},"end":{}}],"line":76},"10":{"loc":{"start":{"line":76,"column":13},"end":{"line":76,"column":37}},"type":"binary-expr","locations":[{"start":{"line":76,"column":13},"end":{"line":76,"column":26}},{"start":{"line":76,"column":26},"end":{"line":76,"column":37}}],"line":76},"11":{"loc":{"start":{"line":82,"column":30},"end":{"line":82,"column":null}},"type":"binary-expr","locations":[{"start":{"line":82,"column":30},"end":{"line":82,"column":73}},{"start":{"line":82,"column":73},"end":{"line":82,"column":null}}],"line":82},"12":{"loc":{"start":{"line":84,"column":2},"end":{"line":86,"column":null}},"type":"if","locations":[{"start":{"line":84,"column":2},"end":{"line":86,"column":null}},{"start":{},"end":{}}],"line":84},"13":{"loc":{"start":{"line":99,"column":2},"end":{"line":101,"column":null}},"type":"if","locations":[{"start":{"line":99,"column":2},"end":{"line":101,"column":null}},{"start":{},"end":{}}],"line":99},"14":{"loc":{"start":{"line":109,"column":2},"end":{"line":109,"column":37}},"type":"default-arg","locations":[{"start":{"line":109,"column":35},"end":{"line":109,"column":37}}],"line":109},"15":{"loc":{"start":{"line":126,"column":4},"end":{"line":127,"column":null}},"type":"if","locations":[{"start":{"line":126,"column":4},"end":{"line":127,"column":null}},{"start":{},"end":{}}],"line":126},"16":{"loc":{"start":{"line":129,"column":4},"end":{"line":130,"column":null}},"type":"if","locations":[{"start":{"line":129,"column":4},"end":{"line":130,"column":null}},{"start":{},"end":{}}],"line":129},"17":{"loc":{"start":{"line":135,"column":2},"end":{"line":138,"column":null}},"type":"if","locations":[{"start":{"line":135,"column":2},"end":{"line":138,"column":null}},{"start":{"line":137,"column":13},"end":{"line":138,"column":null}}],"line":135},"18":{"loc":{"start":{"line":137,"column":13},"end":{"line":138,"column":null}},"type":"if","locations":[{"start":{"line":137,"column":13},"end":{"line":138,"column":null}},{"start":{},"end":{}}],"line":137},"19":{"loc":{"start":{"line":141,"column":30},"end":{"line":141,"column":null}},"type":"binary-expr","locations":[{"start":{"line":141,"column":30},"end":{"line":141,"column":64}},{"start":{"line":141,"column":64},"end":{"line":141,"column":null}}],"line":141}},"s":{"0":2,"1":2,"2":2,"3":2,"4":2,"5":2,"6":116,"7":116,"8":2,"9":17,"10":3,"11":14,"12":5,"13":9,"14":5,"15":4,"16":2,"17":97,"18":97,"19":97,"20":97,"21":77,"22":77,"23":97,"24":97,"25":0,"26":0,"27":97,"28":0,"29":0,"30":97,"31":97,"32":97,"33":97,"34":97,"35":89,"36":89,"37":97,"38":97,"39":97,"40":97,"41":97,"42":2,"43":2,"44":97,"45":96,"46":96,"47":97,"48":2,"49":4,"50":92,"51":4,"52":92,"53":288,"54":2,"55":12,"56":12,"57":12,"58":276,"59":46,"60":230,"61":184,"62":46,"63":12,"64":4,"65":54,"66":8,"67":3,"68":54,"69":12,"70":12,"71":146,"72":12,"73":2,"74":0,"75":0,"76":2,"77":0,"78":0,"79":2},"f":{"0":116,"1":17,"2":97,"3":2,"4":2,"5":4,"6":92,"7":92,"8":288,"9":12,"10":276,"11":54,"12":54,"13":146,"14":0,"15":0,"16":0,"17":0},"b":{"0":[3,14],"1":[5,9],"2":[5,4],"3":[97],"4":[77,20],"5":[0,97],"6":[97,0],"7":[0,97],"8":[97,0],"9":[97,0],"10":[97,97],"11":[97,0],"12":[89,8],"13":[96,1],"14":[4],"15":[46,230],"16":[184,46],"17":[4,8],"18":[3,5],"19":[12,0]},"meta":{"lastBranch":20,"lastFunction":18,"lastStatement":80,"seen":{"s:5:30:8:Infinity":0,"s:11:30:15:Infinity":1,"s:18:45:18:Infinity":2,"s:21:60:25:Infinity":3,"s:28:51:32:Infinity":4,"s:34:13:36:Infinity":5,"f:34:13:34:29":0,"s:35:25:35:Infinity":6,"s:36:2:36:Infinity":7,"s:39:13:43:Infinity":8,"f:39:13:39:31":1,"b:40:2:40:Infinity:undefined:undefined:undefined:undefined":0,"s:40:2:40:Infinity":9,"s:40:40:40:Infinity":10,"b:41:2:41:Infinity:undefined:undefined:undefined:undefined":1,"s:41:2:41:Infinity":11,"s:41:35:41:Infinity":12,"b:42:2:42:Infinity:undefined:undefined:undefined:undefined":2,"s:42:2:42:Infinity":13,"s:42:39:42:Infinity":14,"s:43:2:43:Infinity":15,"s:53:13:104:Infinity":16,"f:53:13:53:Infinity":2,"b:56:35:56:37":3,"s:58:14:58:Infinity":17,"s:59:28:59:30":18,"s:62:20:62:68":19,"b:63:2:65:Infinity:undefined:undefined:undefined:undefined":4,"s:63:2:65:Infinity":20,"s:64:4:64:Infinity":21,"s:65:4:65:Infinity":22,"s:69:14:69:60":23,"b:70:2:78:Infinity:73:13:78:Infinity":5,"s:70:2:78:Infinity":24,"b:70:6:70:18:70:18:70:51":6,"s:71:4:71:Infinity":25,"s:72:4:72:Infinity":26,"b:73:13:78:Infinity:76:13:78:Infinity":7,"s:73:13:78:Infinity":27,"b:73:13:73:25:73:25:73:60":8,"s:74:4:74:Infinity":28,"s:75:4:75:Infinity":29,"b:76:13:78:Infinity:undefined:undefined:undefined:undefined":9,"s:76:13:78:Infinity":30,"b:76:13:76:26:76:26:76:37":10,"s:78:4:78:Infinity":31,"s:82:30:82:Infinity":32,"b:82:30:82:73:82:73:82:Infinity":11,"s:83:19:83:69":33,"b:84:2:86:Infinity:undefined:undefined:undefined:undefined":12,"s:84:2:86:Infinity":34,"s:85:4:85:Infinity":35,"s:86:4:86:Infinity":36,"s:90:24:90:Infinity":37,"s:91:25:91:56":38,"s:92:2:92:Infinity":39,"s:95:21:95:46":40,"s:96:23:97:Infinity":41,"f:96:34:96:39":3,"s:97:4:97:60":42,"f:97:18:97:23":4,"s:97:29:97:60":43,"b:99:2:101:Infinity:undefined:undefined:undefined:undefined":13,"s:99:2:101:Infinity":44,"s:100:4:100:Infinity":45,"s:101:4:101:Infinity":46,"s:104:2:104:Infinity":47,"s:107:13:118:Infinity":48,"f:107:13:107:Infinity":5,"b:109:35:109:37":14,"s:111:17:112:Infinity":49,"f:111:35:111:39":6,"s:112:4:112:63":50,"s:115:2:118:Infinity":51,"f:116:5:116:12":7,"s:116:17:116:30":52,"f:117:5:117:11":8,"s:117:20:117:38":53,"s:121:13:144:Infinity":54,"f:121:13:121:35":9,"s:122:14:122:60":55,"s:123:31:123:Infinity":56,"s:125:17:133:Infinity":57,"f:125:35:125:43":10,"b:126:4:127:Infinity:undefined:undefined:undefined:undefined":15,"s:126:4:127:Infinity":58,"s:127:6:127:Infinity":59,"b:129:4:130:Infinity:undefined:undefined:undefined:undefined":16,"s:129:4:130:Infinity":60,"s:130:6:130:Infinity":61,"s:132:4:132:Infinity":62,"b:135:2:138:Infinity:137:13:138:Infinity":17,"s:135:2:138:Infinity":63,"s:136:4:136:Infinity":64,"f:136:24:136:32":11,"s:136:39:136:64":65,"b:137:13:138:Infinity:undefined:undefined:undefined:undefined":18,"s:137:13:138:Infinity":66,"s:138:4:138:Infinity":67,"f:138:24:138:32":12,"s:138:39:138:66":68,"s:141:30:141:Infinity":69,"b:141:30:141:64:141:64:141:Infinity":19,"s:142:2:142:Infinity":70,"f:142:22:142:30":13,"s:142:37:142:80":71,"s:144:2:144:Infinity":72,"s:147:13:148:Infinity":73,"f:147:13:147:39":14,"s:148:2:148:Infinity":74,"f:148:27:148:35":15,"s:148:42:148:67":75,"s:151:13:152:Infinity":76,"f:151:13:151:33":16,"s:152:2:152:Infinity":77,"f:152:27:152:33":17,"s:152:40:152:53":78,"s:155:57:167:Infinity":79}}}
}
